Pipeline run completed successfully on Fri Jul 17 02:27:24 UTC 2026
Pipeline run completed successfully on Fri Jul 17 07:58:23 UTC 2026
Pipeline run completed successfully on Fri Jul 17 13:13:45 UTC 2026
Pipeline run completed successfully on Fri Jul 17 18:58:32 UTC 2026
Pipeline run completed successfully on Sat Jul 18 01:51:46 UTC 2026
Pipeline run completed successfully on Sun Jul 19 08:08:55 UTC 2026
Pipeline run completed successfully on Sun Jul 19 13:02:34 UTC 2026
Pipeline run completed successfully on Sun Jul 19 18:58:40 UTC 2026
Pipeline run completed successfully on Mon Jul 20 02:23:23 UTC 2026
Pipeline run completed successfully on Mon Jul 20 08:47:00 UTC 2026
Pipeline run completed successfully on Mon Jul 20 13:53:51 UTC 2026
Pipeline run completed successfully on Mon Jul 20 19:30:35 UTC 2026
Pipeline run completed successfully on Tue Jul 21 02:01:06 UTC 2026
Pipeline run completed successfully on Tue Jul 21 08:14:28 UTC 2026
Pipeline run completed successfully on Tue Jul 21 13:23:48 UTC 2026
Pipeline run completed successfully on Tue Jul 21 19:09:17 UTC 2026
Pipeline run completed successfully on Wed Jul 22 01:59:38 UTC 2026
Pipeline run completed successfully on Wed Jul 22 08:14:57 UTC 2026
Pipeline run completed successfully on Wed Jul 22 13:28:12 UTC 2026
Pipeline run completed successfully on Wed Jul 22 19:03:03 UTC 2026
Pipeline run completed successfully on Thu Jul 23 02:07:22 UTC 2026
Pipeline run completed successfully on Thu Jul 23 08:18:32 UTC 2026
Pipeline run completed successfully on Thu Jul 23 13:41:07 UTC 2026
Pipeline run completed successfully on Thu Jul 23 19:04:56 UTC 2026
Pipeline run completed successfully on Fri Jul 24 02:02:49 UTC 2026
Pipeline run completed successfully on Fri Jul 24 08:14:24 UTC 2026
